[ 2017-09-04T19:26:46+08:00 ] 127.0.0.1 /
ERR: SQLSTATE[HY000] [1045] Access denied for user 'root'@'localhost' (using password: NO)

[ 2017-09-04T19:34:05+08:00 ] 127.0.0.1 /index.php/Home/Article/clickNum.html?art_id=150
INFO: [ app_begin ] --START--
INFO: Run Behavior\ReadHtmlCacheBehavior [ RunTime:0.000595s ]
INFO: [ app_begin ] --END-- [ RunTime:0.000901s ]
NOTIC: [2048] Declaration of Home\Controller\ArticleController::show() should be compatible with Think\Controller::show($content, $charset = '', $contentType = '', $prefix = '') D:\web\new_blog\Apps\Home\Controller\ArticleController.class.php 第 137 行.
SQL: SHOW COLUMNS FROM `blog_click_log` [ RunTime:0.0454s ]
SQL: SELECT * FROM `blog_click_log` WHERE `ip` = '127.0.0.1' AND `art_id` = 150 LIMIT 1   [ RunTime:0.0003s ]
SQL: SHOW COLUMNS FROM `blog_article` [ RunTime:0.0052s ]
SQL: UPDATE `blog_article` SET `click_num`=click_num+1 WHERE ( art_id='150' ) [ RunTime:0.0206s ]
SQL: INSERT INTO `blog_click_log` (`ip`,`art_id`) VALUES ('127.0.0.1','150') [ RunTime:0.0216s ]
SQL: SELECT `click_num` FROM `blog_article` WHERE ( art_id='150' ) LIMIT 1   [ RunTime:0.0003s ]

[ 2017-09-04T19:36:12+08:00 ] 127.0.0.1 /index.php/Home/Article/clickNum.html?art_id=170
INFO: [ app_begin ] --START--
INFO: Run Behavior\ReadHtmlCacheBehavior [ RunTime:0.000527s ]
INFO: [ app_begin ] --END-- [ RunTime:0.000860s ]
NOTIC: [2048] Declaration of Home\Controller\ArticleController::show() should be compatible with Think\Controller::show($content, $charset = '', $contentType = '', $prefix = '') D:\web\new_blog\Apps\Home\Controller\ArticleController.class.php 第 137 行.
SQL: SHOW COLUMNS FROM `blog_click_log` [ RunTime:0.0069s ]
SQL: SELECT * FROM `blog_click_log` WHERE `ip` = '127.0.0.1' AND `art_id` = 170 LIMIT 1   [ RunTime:0.0004s ]
SQL: SHOW COLUMNS FROM `blog_article` [ RunTime:0.0085s ]
SQL: UPDATE `blog_article` SET `click_num`=click_num+1 WHERE ( art_id='170' ) [ RunTime:0.0429s ]
SQL: INSERT INTO `blog_click_log` (`ip`,`art_id`) VALUES ('127.0.0.1','170') [ RunTime:0.0212s ]
SQL: SELECT `click_num` FROM `blog_article` WHERE ( art_id='170' ) LIMIT 1   [ RunTime:0.0007s ]

[ 2017-09-04T19:36:24+08:00 ] 127.0.0.1 /index.php/Home/Article/comment.html
INFO: [ app_begin ] --START--
INFO: Run Behavior\ReadHtmlCacheBehavior [ RunTime:0.000544s ]
INFO: [ app_begin ] --END-- [ RunTime:0.000869s ]
NOTIC: [2048] Declaration of Home\Controller\ArticleController::show() should be compatible with Think\Controller::show($content, $charset = '', $contentType = '', $prefix = '') D:\web\new_blog\Apps\Home\Controller\ArticleController.class.php 第 137 行.
SQL: SHOW COLUMNS FROM `blog_comment` [ RunTime:0.0105s ]
SQL: INSERT INTO `blog_comment` (`comm_title`,`content`,`art_id`,`add_time`) VALUES ('hong','hong','170','1504524983') [ RunTime:0.0331s ]
INFO: [ view_parse ] --START--
INFO: [ template_filter ] --START--
INFO: Run Behavior\ContentReplaceBehavior [ RunTime:0.000091s ]
INFO: [ template_filter ] --END-- [ RunTime:0.000221s ]
INFO: Run Behavior\ParseTemplateBehavior [ RunTime:0.012652s ]
INFO: [ view_parse ] --END-- [ RunTime:0.012771s ]
INFO: [ view_filter ] --START--
INFO: Run Behavior\WriteHtmlCacheBehavior [ RunTime:0.000712s ]
INFO: [ view_filter ] --END-- [ RunTime:0.000816s ]
INFO: [ app_end ] --START--
INFO: Run Behavior\ShowPageTraceBehavior [ RunTime:0.001856s ]
INFO: [ app_end ] --END-- [ RunTime:0.002000s ]

[ 2017-09-04T19:36:55+08:00 ] 127.0.0.1 /index.php/Home/Article/reply.html?reply_text=hello+world&comm_id=20
INFO: [ app_begin ] --START--
INFO: Run Behavior\ReadHtmlCacheBehavior [ RunTime:0.000604s ]
INFO: [ app_begin ] --END-- [ RunTime:0.000985s ]
NOTIC: [2048] Declaration of Home\Controller\ArticleController::show() should be compatible with Think\Controller::show($content, $charset = '', $contentType = '', $prefix = '') D:\web\new_blog\Apps\Home\Controller\ArticleController.class.php 第 137 行.
SQL: SHOW COLUMNS FROM `blog_reply` [ RunTime:0.0158s ]
SQL: INSERT INTO `blog_reply` (`reply_text`,`comm_id`,`reply_time`) VALUES ('hello world','20','1504525014') [ RunTime:0.0621s ]
INFO: [ app_end ] --START--
INFO: Run Behavior\ShowPageTraceBehavior [ RunTime:0.001931s ]
INFO: [ app_end ] --END-- [ RunTime:0.002089s ]

[ 2017-09-04T19:37:50+08:00 ] 127.0.0.1 /index.php/Home/Article/comment.html
INFO: [ app_begin ] --START--
INFO: Run Behavior\ReadHtmlCacheBehavior [ RunTime:0.000489s ]
INFO: [ app_begin ] --END-- [ RunTime:0.000875s ]
NOTIC: [2048] Declaration of Home\Controller\ArticleController::show() should be compatible with Think\Controller::show($content, $charset = '', $contentType = '', $prefix = '') D:\web\new_blog\Apps\Home\Controller\ArticleController.class.php 第 137 行.
SQL: SHOW COLUMNS FROM `blog_comment` [ RunTime:0.0168s ]
SQL: INSERT INTO `blog_comment` (`comm_title`,`content`,`art_id`,`add_time`) VALUES ('pang','胖胖','170','1504525069') [ RunTime:0.0358s ]
INFO: [ view_parse ] --START--
INFO: [ template_filter ] --START--
INFO: Run Behavior\ContentReplaceBehavior [ RunTime:0.000086s ]
INFO: [ template_filter ] --END-- [ RunTime:0.000212s ]
INFO: Run Behavior\ParseTemplateBehavior [ RunTime:0.018583s ]
INFO: [ view_parse ] --END-- [ RunTime:0.018728s ]
INFO: [ view_filter ] --START--
INFO: Run Behavior\WriteHtmlCacheBehavior [ RunTime:0.000792s ]
INFO: [ view_filter ] --END-- [ RunTime:0.000892s ]
INFO: [ app_end ] --START--
INFO: Run Behavior\ShowPageTraceBehavior [ RunTime:0.001769s ]
INFO: [ app_end ] --END-- [ RunTime:0.002052s ]

